<?xml version="1.0" encoding="UTF-8"?>
<!-- Generated by org.testng.reporters.JUnitReportReporter -->
<testsuite hostname="TASSU" name="com.expedia.selenium.ExpediaMavenTest.TS002_TC001_002_VerifyOneWayFlight" tests="2" failures="0" timestamp="12 Nov 2015 22:22:16 GMT" time="36.696" errors="0">
  <testcase name="clickOnSelectButtonFromFlightList" time="25.473" classname="com.expedia.selenium.ExpediaMavenTest.TS002_TC001_002_VerifyOneWayFlight"/>
  <testcase name="onewayFlight" time="11.223" classname="com.expedia.selenium.ExpediaMavenTest.TS002_TC001_002_VerifyOneWayFlight"/>
</testsuite> <!-- com.expedia.selenium.ExpediaMavenTest.TS002_TC001_002_VerifyOneWayFlight -->
