<?xml version="1.0" encoding="UTF-8"?>
<!-- Generated by org.testng.reporters.JUnitReportReporter -->
<testsuite hostname="TASSU" name="com.expedia.selenium.ExpediaMavenTest.TS001_TC002_VerifyRoundTripWtPreferredAirlines" tests="1" failures="0" timestamp="14 Nov 2015 19:57:07 GMT" time="24.207" errors="0">
  <testcase name="flightRoundTripWtPrefAirlines" time="24.207" classname="com.expedia.selenium.ExpediaMavenTest.TS001_TC002_VerifyRoundTripWtPreferredAirlines"/>
</testsuite> <!-- com.expedia.selenium.ExpediaMavenTest.TS001_TC002_VerifyRoundTripWtPreferredAirlines -->
