<?xml version="1.0" encoding="UTF-8"?>
<!-- Generated by org.testng.reporters.JUnitReportReporter -->
<testsuite hostname="TASSU" name="com.expedia.selenium.ExpediaMavenTest.TS002_TC004_VerifyOnewayFlightUsingDatePicker" tests="1" failures="0" timestamp="12 Nov 2015 22:22:16 GMT" time="61.853" errors="0">
  <testcase name="VerifyDate" time="61.853" classname="com.expedia.selenium.ExpediaMavenTest.TS002_TC004_VerifyOnewayFlightUsingDatePicker"/>
</testsuite> <!-- com.expedia.selenium.ExpediaMavenTest.TS002_TC004_VerifyOnewayFlightUsingDatePicker -->
