<?xml version="1.0" encoding="UTF-8"?>
<!-- Generated by org.testng.reporters.JUnitReportReporter -->
<testsuite hostname="TASSU" name="com.expedia.selenium.ExpediaMavenTest.TS001_TC004_VerifyRoundtripFlightWtAddingCar" tests="1" failures="0" timestamp="12 Nov 2015 22:22:16 GMT" time="8.204" errors="0">
  <testcase name="flightRoundTripWtAddingCar" time="8.204" classname="com.expedia.selenium.ExpediaMavenTest.TS001_TC004_VerifyRoundtripFlightWtAddingCar"/>
</testsuite> <!-- com.expedia.selenium.ExpediaMavenTest.TS001_TC004_VerifyRoundtripFlightWtAddingCar -->
