<?xml version="1.0" encoding="UTF-8"?>
<!-- Generated by org.testng.reporters.JUnitReportReporter -->
<testsuite hostname="TASSU" name="com.expedia.selenium.ExpediaMavenTest.TS001_TC005_VerifyRoundtripWtAutoCompleteText" tests="1" failures="0" timestamp="14 Nov 2015 05:06:42 GMT" time="40.048" errors="0">
  <testcase name="flightRoundTripWtAutoCompleteText" time="40.048" classname="com.expedia.selenium.ExpediaMavenTest.TS001_TC005_VerifyRoundtripWtAutoCompleteText"/>
</testsuite> <!-- com.expedia.selenium.ExpediaMavenTest.TS001_TC005_VerifyRoundtripWtAutoCompleteText -->
