<?xml version="1.0" encoding="UTF-8"?>
<!-- Generated by org.testng.reporters.JUnitReportReporter -->
<testsuite hostname="TASSU" name="com.expedia.selenium.ExpediaMavenTest.TS001_TC003_VerifyRoundtripFlightWtAddingHotel" tests="1" failures="0" timestamp="12 Nov 2015 22:22:16 GMT" time="58.522" errors="0">
  <testcase name="flightRoundTripWtAddingHotel" time="58.522" classname="com.expedia.selenium.ExpediaMavenTest.TS001_TC003_VerifyRoundtripFlightWtAddingHotel"/>
</testsuite> <!-- com.expedia.selenium.ExpediaMavenTest.TS001_TC003_VerifyRoundtripFlightWtAddingHotel -->
