<?xml version="1.0" encoding="UTF-8"?>
<!-- Generated by org.testng.reporters.JUnitReportReporter -->
<testsuite hostname="TASSU" name="com.expedia.selenium.ExpediaMavenTest.TS002_TC003_VerifyOnewayFlightWtChildrenOneOrMore" tests="1" failures="0" timestamp="12 Nov 2015 22:22:16 GMT" time="14.485" errors="0">
  <testcase name="onewayFlightWtChildrenAgesGt1" time="14.485" classname="com.expedia.selenium.ExpediaMavenTest.TS002_TC003_VerifyOnewayFlightWtChildrenOneOrMore"/>
</testsuite> <!-- com.expedia.selenium.ExpediaMavenTest.TS002_TC003_VerifyOnewayFlightWtChildrenOneOrMore -->
