<?xml version="1.0" encoding="UTF-8"?>
<!-- Generated by org.testng.reporters.JUnitReportReporter -->
<testsuite hostname="TASSU" name="com.expedia.selenium.ExpediaMavenTest.TS001_TC001_VerifyRoundTrip" tests="1" failures="0" timestamp="12 Nov 2015 22:22:16 GMT" time="20.040" errors="0">
  <testcase name="flightRoundTrip" time="20.040" classname="com.expedia.selenium.ExpediaMavenTest.TS001_TC001_VerifyRoundTrip"/>
</testsuite> <!-- com.expedia.selenium.ExpediaMavenTest.TS001_TC001_VerifyRoundTrip -->
